2022-09-11 16:48:25,716 : INFO : Start of Training
2022-09-11 16:48:25,716 : INFO : Run_id:2022-09-11_164825_451232492
2022-09-11 16:48:25,716 : INFO : Start of Data Load, validation and transformation
2022-09-11 16:48:25,716 : INFO : Start of Archiving Old Rejected Files...
2022-09-11 16:48:25,717 : INFO : End of Archiving Old Rejected Files...
2022-09-11 16:48:25,717 : INFO : Start of Archiving Old Validated Files...
2022-09-11 16:48:25,718 : INFO : End of Archiving Old Validated Files...
2022-09-11 16:48:25,718 : INFO : Start of Archiving Old Processed Files...
2022-09-11 16:48:25,719 : INFO : End of Archiving Old Processed Files...
2022-09-11 16:48:25,719 : INFO : Start of Archiving Old Result Files...
2022-09-11 16:48:25,719 : INFO : End of Archiving Old Result Files...
2022-09-11 16:48:25,719 : INFO : Start of Reading values From Schema...
2022-09-11 16:48:25,719 : INFO : End of Reading values From Schema...
2022-09-11 16:48:25,719 : INFO : Start of Validating Column Length...
2022-09-11 16:48:25,719 : INFO : End of Validating Column Length...
2022-09-11 16:48:25,720 : INFO : Start of Validating Missing Values...
2022-09-11 16:48:25,720 : INFO : End of Validating Missing Values...
2022-09-11 16:48:25,720 : INFO : Start of Replacing Missing Values with NULL...
2022-09-11 16:48:25,720 : INFO : End of Replacing Missing Values with NULL...
2022-09-11 16:48:25,720 : INFO : Start of Creating Table...
2022-09-11 16:48:25,721 : INFO : Opened training database successfully
2022-09-11 16:48:25,721 : INFO : Tables created successfully
2022-09-11 16:48:25,721 : INFO : Closed training database successfully
2022-09-11 16:48:25,721 : INFO : End of Creating Table...
2022-09-11 16:48:25,722 : INFO : Opened training database successfully
2022-09-11 16:48:25,722 : INFO : Start of Inserting Data into Table...
2022-09-11 16:48:25,722 : INFO : End of Inserting Data into Table...
2022-09-11 16:48:25,722 : INFO : Start of Exporting Data into CSV...
2022-09-11 16:48:25,723 : INFO : Opened training database successfully
2022-09-11 16:48:25,723 : INFO : End of Exporting Data into CSV...
2022-09-11 16:48:25,724 : INFO : Start of Moving Processed Files...
2022-09-11 16:48:25,724 : INFO : End of Moving Processed Files...
2022-09-11 16:48:25,724 : INFO : End of Data Load, validation and transformation
2022-09-11 16:48:25,724 : INFO : Start of Preprocessing...
2022-09-11 16:48:25,724 : INFO : Start of reading dataset...
2022-09-11 16:48:25,730 : INFO : End of reading dataset...
2022-09-11 16:48:25,730 : INFO : Start of Dropping Columns...
2022-09-11 16:48:25,731 : INFO : End of Dropping Columns...
2022-09-11 16:48:25,731 : INFO : Start of feature encoding...
2022-09-11 16:48:25,746 : INFO : End of feature encoding...
2022-09-11 16:48:25,747 : INFO : Start of Dropping Columns...
2022-09-11 16:48:25,748 : INFO : End of Dropping Columns...
2022-09-11 16:48:25,748 : INFO : Start of finding missing values...
2022-09-11 16:48:25,749 : INFO : End of finding missing values...
2022-09-11 16:48:25,749 : INFO : Start of splitting features and label ...
2022-09-11 16:48:25,750 : INFO : End of splitting features and label ...
2022-09-11 16:48:25,750 : INFO : End of Preprocessing...
2022-09-11 16:48:25,750 : ERROR : Unsuccessful End of Training
Traceback (most recent call last):
  File "C:\Users\napol\PycharmProjects\rappipaychallenge\apps\training\train_model.py", line 28, in training_model
    columns = {"data_columns":[col for col in self.X_ros.columns]}
AttributeError: 'TrainModel' object has no attribute 'X_ros'
