2022-09-11 17:10:22,381 : INFO : Start of Training
2022-09-11 17:10:22,381 : INFO : Run_id:2022-09-11_171022_669057783
2022-09-11 17:10:22,381 : INFO : Start of Data Load, validation and transformation
2022-09-11 17:10:22,382 : INFO : Start of Archiving Old Rejected Files...
2022-09-11 17:10:22,383 : INFO : End of Archiving Old Rejected Files...
2022-09-11 17:10:22,383 : INFO : Start of Archiving Old Validated Files...
2022-09-11 17:10:22,385 : INFO : End of Archiving Old Validated Files...
2022-09-11 17:10:22,385 : INFO : Start of Archiving Old Processed Files...
2022-09-11 17:10:22,386 : INFO : End of Archiving Old Processed Files...
2022-09-11 17:10:22,386 : INFO : Start of Archiving Old Result Files...
2022-09-11 17:10:22,386 : INFO : End of Archiving Old Result Files...
2022-09-11 17:10:22,386 : INFO : Start of Reading values From Schema...
2022-09-11 17:10:22,386 : INFO : End of Reading values From Schema...
2022-09-11 17:10:22,386 : INFO : Start of Validating Column Length...
2022-09-11 17:10:22,456 : INFO : Invalid Columns Length :: ds_challenge_data_2022.csv
2022-09-11 17:10:22,456 : INFO : End of Validating Column Length...
2022-09-11 17:10:22,456 : INFO : Start of Validating Missing Values...
2022-09-11 17:10:22,457 : INFO : End of Validating Missing Values...
2022-09-11 17:10:22,457 : INFO : Start of Replacing Missing Values with NULL...
2022-09-11 17:10:22,457 : INFO : End of Replacing Missing Values with NULL...
2022-09-11 17:10:22,457 : INFO : Start of Creating Table...
2022-09-11 17:10:22,458 : INFO : Opened training database successfully
2022-09-11 17:10:22,459 : INFO : Tables created successfully
2022-09-11 17:10:22,459 : INFO : Closed training database successfully
2022-09-11 17:10:22,459 : INFO : End of Creating Table...
2022-09-11 17:10:22,460 : INFO : Opened training database successfully
2022-09-11 17:10:22,460 : INFO : Start of Inserting Data into Table...
2022-09-11 17:10:22,460 : INFO : End of Inserting Data into Table...
2022-09-11 17:10:22,460 : INFO : Start of Exporting Data into CSV...
2022-09-11 17:10:22,461 : INFO : Opened training database successfully
2022-09-11 17:10:22,462 : INFO : End of Exporting Data into CSV...
2022-09-11 17:10:22,463 : INFO : Start of Moving Processed Files...
2022-09-11 17:10:22,463 : INFO : End of Moving Processed Files...
2022-09-11 17:10:22,463 : INFO : End of Data Load, validation and transformation
2022-09-11 17:10:22,463 : INFO : Start of Preprocessing...
2022-09-11 17:10:22,463 : INFO : Start of reading dataset...
2022-09-11 17:10:22,468 : INFO : End of reading dataset...
2022-09-11 17:10:22,469 : INFO : Start of Dropping Columns...
2022-09-11 17:10:22,472 : INFO : End of Dropping Columns...
2022-09-11 17:10:22,472 : INFO : Start of feature encoding...
2022-09-11 17:10:22,489 : INFO : End of feature encoding...
2022-09-11 17:10:22,489 : INFO : Start of Dropping Columns...
2022-09-11 17:10:22,489 : INFO : End of Dropping Columns...
2022-09-11 17:10:22,490 : INFO : Start of finding missing values...
2022-09-11 17:10:22,490 : INFO : End of finding missing values...
2022-09-11 17:10:22,491 : INFO : Start of splitting features and label ...
2022-09-11 17:10:22,491 : INFO : End of splitting features and label ...
2022-09-11 17:10:22,491 : INFO : End of Preprocessing...
2022-09-11 17:10:22,493 : INFO : Start of elbow plotting...
2022-09-11 17:10:22,494 : ERROR : Exception raised while elbow plotting:Found array with 0 sample(s) (shape=(0, 5)) while a minimum of 1 is required by KMeans.
Traceback (most recent call last):
  File "C:\Users\napol\PycharmProjects\rappipaychallenge\apps\tuning\cluster.py", line 24, in elbow_plot
    kmeans.fit(data)
  File "C:\Users\napol\PycharmProjects\rappipaychallenge\venv\lib\site-packages\sklearn\cluster\_kmeans.py", line 1367, in fit
    X = self._validate_data(
  File "C:\Users\napol\PycharmProjects\rappipaychallenge\venv\lib\site-packages\sklearn\base.py", line 577, in _validate_data
    X = check_array(X, input_name="X", **check_params)
  File "C:\Users\napol\PycharmProjects\rappipaychallenge\venv\lib\site-packages\sklearn\utils\validation.py", line 909, in check_array
    raise ValueError(
ValueError: Found array with 0 sample(s) (shape=(0, 5)) while a minimum of 1 is required by KMeans.
2022-09-11 17:10:22,499 : ERROR : Unsuccessful End of Training
Traceback (most recent call last):
  File "C:\Users\napol\PycharmProjects\rappipaychallenge\apps\tuning\cluster.py", line 24, in elbow_plot
    kmeans.fit(data)
  File "C:\Users\napol\PycharmProjects\rappipaychallenge\venv\lib\site-packages\sklearn\cluster\_kmeans.py", line 1367, in fit
    X = self._validate_data(
  File "C:\Users\napol\PycharmProjects\rappipaychallenge\venv\lib\site-packages\sklearn\base.py", line 577, in _validate_data
    X = check_array(X, input_name="X", **check_params)
  File "C:\Users\napol\PycharmProjects\rappipaychallenge\venv\lib\site-packages\sklearn\utils\validation.py", line 909, in check_array
    raise ValueError(
ValueError: Found array with 0 sample(s) (shape=(0, 5)) while a minimum of 1 is required by KMeans.

During handling of the above exception, another exception occurred:

Traceback (most recent call last):
  File "C:\Users\napol\PycharmProjects\rappipaychallenge\apps\training\train_model.py", line 31, in training_model
    number_of_clusters = self.cluster.elbow_plot(self.X)
  File "C:\Users\napol\PycharmProjects\rappipaychallenge\apps\tuning\cluster.py", line 38, in elbow_plot
    raise Exception()
Exception
